<?xml version="1.0" encoding="UTF-8"?>
<!-- Generated by org.testng.reporters.JUnitReportReporter -->
<testsuite skipped="0" hostname="Shashwat" name="testng.testA" tests="2" failures="0" timestamp="01 Dec 2018 10:04:06 GMT" time="0.015" errors="0">
  <testcase name="test1" time="0.013" classname="testng.testA"/>
  <testcase name="test2" time="0.002" classname="testng.testA"/>
</testsuite> <!-- testng.testA -->
