<?xml version="1.0" encoding="UTF-8"?>
<!-- Generated by org.testng.reporters.JUnitReportReporter -->
<testsuite skipped="0" hostname="Shashwat" name="testng.testB" tests="2" failures="0" timestamp="01 Dec 2018 10:04:06 GMT" time="0.006" errors="0">
  <testcase name="test3" time="0.002" classname="testng.testB"/>
  <testcase name="test4" time="0.004" classname="testng.testB"/>
</testsuite> <!-- testng.testB -->
